<?xml version="1.0" encoding="UTF-8"?>
<!-- Generated by org.testng.reporters.JUnitReportReporter -->
<testsuite hostname="HARSHITA" failures="0" tests="1" name="multipleWindowDemo.MultipleTabsHandling" time="20.552" errors="0" timestamp="28 Aug 2018 21:35:37 GMT">
  <testcase classname="multipleWindowDemo.MultipleTabsHandling" name="IFrameHandle" time="20.552"/>
</testsuite> <!-- multipleWindowDemo.MultipleTabsHandling -->
