<?xml version="1.0" encoding="UTF-8"?>
<!-- Generated by org.testng.reporters.JUnitReportReporter -->
<testsuite hostname="HARSHITA" failures="0" tests="1" name="multipleWindowDemo.MultipleWindowHandling" time="15.701" errors="0" timestamp="28 Aug 2018 18:16:45 GMT">
  <testcase classname="multipleWindowDemo.MultipleWindowHandling" name="IFrameHandle" time="15.701"/>
</testsuite> <!-- multipleWindowDemo.MultipleWindowHandling -->
